=== 00_course_index.ipynb ===
[NbConvertApp] Writing 7314 bytes to notebooks/machine_learning_course/00_course_index.ipynb
=== 01_what_is_machine_learning.ipynb ===
[NbConvertApp] Writing 45023 bytes to notebooks/machine_learning_course/01_what_is_machine_learning.ipynb
=== 02_mathematical_primer.ipynb ===
[NbConvertApp] Writing 285351 bytes to notebooks/machine_learning_course/02_mathematical_primer.ipynb
=== 03_statistical_learning_framework.ipynb ===
[NbConvertApp] Writing 487652 bytes to notebooks/machine_learning_course/03_statistical_learning_framework.ipynb
=== 04_data_preprocessing.ipynb ===
    await self._check_raise_for_error(cell, cell_index, exec_reply)
  File "/Volumes/SSD_Gabo/proyectos/learning_courses/.venv/lib/python3.13/site-packages/nbclient/client.py", line 918, in _check_raise_for_error
    raise CellExecutionError.from_cell_and_msg(cell, exec_reply_content)
nbclient.exceptions.CellExecutionError: An error occurred while executing the following cell:
[31mValueError[39m                                Traceback (most recent call last)
[32m    219[39m [38;5;28;01mexcept[39;00m InvalidParameterError [38;5;28;01mas[39;00m e:
[32m    222[39m     [38;5;66;03m# the name of the estimator by the name of the function in the error[39;00m
[36mFile [39m[32m/Volumes/SSD_Gabo/proyectos/learning_courses/.venv/lib/python3.13/site-packages/sklearn/model_selection/_validation.py:650[39m, in [36mcross_val_score[39m[34m(estimator, X, y, groups, scoring, cv, n_jobs, verbose, params, pre_dispatch, error_score)[39m
[32m    661[39m [30;43m    [39;49m[30;43merror_score[39;49m[30;43m=[39;49m[30;43merror_score[39;49m[30;43m,[39;49m
[32m    219[39m [38;5;28;01mexcept[39;00m InvalidParameterError [38;5;28;01mas[39;00m e:
=== 05_linear_regression_deep_dive.ipynb ===
[NbConvertApp] Writing 218827 bytes to notebooks/machine_learning_course/05_linear_regression_deep_dive.ipynb
=== 06_classification_theory.ipynb ===
    await self._check_raise_for_error(cell, cell_index, exec_reply)
  File "/Volumes/SSD_Gabo/proyectos/learning_courses/.venv/lib/python3.13/site-packages/nbclient/client.py", line 918, in _check_raise_for_error
    raise CellExecutionError.from_cell_and_msg(cell, exec_reply_content)
nbclient.exceptions.CellExecutionError: An error occurred while executing the following cell:
[31mTypeError[39m                                 Traceback (most recent call last)
[31mTypeError[39m: LogisticRegression.__init__() got an unexpected keyword argument 'multi_class'
=== 07_resampling_and_validation.ipynb ===
    await self._check_raise_for_error(cell, cell_index, exec_reply)
  File "/Volumes/SSD_Gabo/proyectos/learning_courses/.venv/lib/python3.13/site-packages/nbclient/client.py", line 918, in _check_raise_for_error
    raise CellExecutionError.from_cell_and_msg(cell, exec_reply_content)
nbclient.exceptions.CellExecutionError: An error occurred while executing the following cell:
    scores = cross_val_score(LinearRegression(), X, y, cv=cv, scoring='neg_mean_squared_error')
[31mSSLCertVerificationError[39m                  Traceback (most recent call last)
[32m   1321[39m [38;5;28;01mexcept[39;00m [38;5;167;01mOSError[39;00m [38;5;28;01mas[39;00m err: [38;5;66;03m# timeout error[39;00m
[32m   1075[39m                 [38;5;28;01mraise[39;00m [38;5;167;01mValueError[39;00m([33m"[39m[33mdo_handshake_on_connect should not be specified for non-blocking sockets[39m[33m"[39m)
[31mSSLCertVerificationError[39m: [SSL: CERTIFICATE_VERIFY_FAILED] certificate verify failed: unable to get local issuer certificate (_ssl.c:1028)
[31mURLError[39m                                  Traceback (most recent call last)
=== 08_regularization_and_selection.ipynb ===
    await self._check_raise_for_error(cell, cell_index, exec_reply)
  File "/Volumes/SSD_Gabo/proyectos/learning_courses/.venv/lib/python3.13/site-packages/nbclient/client.py", line 918, in _check_raise_for_error
    raise CellExecutionError.from_cell_and_msg(cell, exec_reply_content)
nbclient.exceptions.CellExecutionError: An error occurred while executing the following cell:
[31mValueError[39m                                Traceback (most recent call last)
[31mValueError[39m: operands could not be broadcast together with shapes (50,) (200,) 
=== 09_tree_based_methods.ipynb ===
[NbConvertApp] Writing 279681 bytes to notebooks/machine_learning_course/09_tree_based_methods.ipynb
=== 10_svm_and_kernel_methods.ipynb ===
[NbConvertApp] Writing 434390 bytes to notebooks/machine_learning_course/10_svm_and_kernel_methods.ipynb
=== 11_unsupervised_learning.ipynb ===
[NbConvertApp] Writing 816643 bytes to notebooks/machine_learning_course/11_unsupervised_learning.ipynb
=== 12_neural_networks.ipynb ===
    return reads(buf, as_version, capture_validation_error, **kwargs)
UnboundLocalError: cannot access local variable 'newcell' where it is not associated with a value
=== 13_deep_learning_applications.ipynb ===
[NbConvertApp] Writing 165861 bytes to notebooks/machine_learning_course/13_deep_learning_applications.ipynb
=== 14_advanced_topics.ipynb ===
    return reads(buf, as_version, capture_validation_error, **kwargs)
UnboundLocalError: cannot access local variable 'newcell' where it is not associated with a value
=== 15_capstone_end_to_end.ipynb ===
    return reads(buf, as_version, capture_validation_error, **kwargs)
UnboundLocalError: cannot access local variable 'newcell' where it is not associated with a value
